<?xml version="1.0" encoding="UTF-8"?>
<!-- Generated by org.testng.reporters.JUnitXMLReporter -->
<testsuite ignored="0" hostname="DESKTOP-AHJ7FPI" failures="1" tests="5" name="Test4" time="93.976" errors="0" timestamp="2025-02-07T21:36:21 IST">
  <testcase classname="com.Test.Addressverify23" name="registerUser" time="24.401"/>
  <testcase classname="com.Test.Invoice24" name="products8" time="39.456"/>
  <testcase classname="com.Test.Register_User1" name="registerUser" time="17.856"/>
  <testcase classname="com.Test.WithArrow25" name="useArrow25" time="6.772"/>
  <testcase classname="com.Test.WithoutArrow26" name="useArrow25" time="5.469">
    <failure type="java.lang.AssertionError" message="Full-Fledged Message is not displayed expected [true] but found [false]">
      <![CDATA[java.lang.AssertionError: Full-Fledged Message is not displayed expected [true] but found [false]
at com.Test.WithoutArrow26.useArrow25(WithoutArrow26.java:26)
at java.base/java.util.ArrayList.forEach(ArrayList.java:1596)
... Removed 28 stack frames]]>
    </failure>
  </testcase> <!-- useArrow25 -->
</testsuite> <!-- Test4 -->
