<?xml version="1.0" encoding="UTF-8"?>
<!-- Generated by org.testng.reporters.JUnitXMLReporter -->
<testsuite ignored="0" hostname="DESKTOP-AHJ7FPI" failures="1" tests="5" name="Test5" time="87.42" errors="0" timestamp="2025-02-07T22:42:57 IST">
  <testcase classname="com.Test.Addressverify23" name="registerUser" time="21.352"/>
  <testcase classname="com.Test.Invoice24" name="products8" time="36.593"/>
  <testcase classname="com.Test.Register_User1" name="registerUser" time="15.885"/>
  <testcase classname="com.Test.WithArrow25" name="useArrow25" time="8.161"/>
  <testcase classname="com.Test.WithoutArrow26" name="useArrow25" time="5.422">
    <failure type="java.lang.AssertionError" message="Full-Fledged Message is not displayed expected [true] but found [false]">
      <![CDATA[java.lang.AssertionError: Full-Fledged Message is not displayed expected [true] but found [false]
at com.Test.WithoutArrow26.useArrow25(WithoutArrow26.java:26)
at java.base/java.util.ArrayList.forEach(ArrayList.java:1596)
... Removed 28 stack frames]]>
    </failure>
  </testcase> <!-- useArrow25 -->
</testsuite> <!-- Test5 -->
