<?xml version="1.0" encoding="UTF-8"?>
<!-- Generated by org.testng.reporters.JUnitXMLReporter -->
<testsuite ignored="0" hostname="DESKTOP-AHJ7FPI" failures="1" tests="11" name="Test2" time="392.775" errors="0" timestamp="2025-02-07T21:30:31 IST">
  <testcase classname="com.Test.LoginWrongInput3" name="loginUserWrongInput" time="30.608"/>
  <testcase classname="com.Test.LogoutTest4" name="logoutTest" time="31.453"/>
  <testcase classname="com.Test.ExistingAcc5" name="existingAcc" time="16.778"/>
  <testcase classname="com.Test.ContactUs6" name="contactUs" time="11.663"/>
  <testcase classname="com.Test.TestCasesTab7" name="contactUs" time="9.37"/>
  <testcase classname="com.Test.Products8" name="products8" time="10.029"/>
  <testcase classname="com.Test.SearchTest9" name="products8" time="9.975"/>
  <testcase classname="com.Test.Subscription10" name="products8" time="70.512"/>
  <testcase classname="com.Test.Cart11" name="cartTese" time="6.541"/>
  <testcase classname="com.Test.AddProduct12" name="products8" time="10.726"/>
  <testcase classname="com.Test.ViwProduct13" name="products8" time="185.099">
    <failure type="org.openqa.selenium.TimeoutException" message="java.util.concurrent.TimeoutException
Build info: version: &amp;apos;4.28.1&amp;apos;, revision: &amp;apos;73f5ad48a2&amp;apos;
System info: os.name: &amp;apos;Windows 11&amp;apos;, os.arch: &amp;apos;amd64&amp;apos;, os.version: &amp;apos;10.0&amp;apos;, java.version: &amp;apos;21.0.5&amp;apos;
Driver info: org.openqa.selenium.chrome.ChromeDriver
Command: [5a28ce1db2c4b0e84cad2055550f4f7e, clickElement {id=f.E83726576A406EB78BED52E8185CBEF1.d.BC86DED50C613EC19FC6E36D6E40B389.e.82}]
Capabilities {acceptInsecureCerts: false, browserName: chrome, browserVersion: 133.0.6943.54, chrome: {chromedriverVersion: 133.0.6943.53 (9a80935019b0..., userDataDir: C:\Users\acer\AppData\Local...}, fedcm:accounts: true, goog:chromeOptions: {debuggerAddress: localhost:59923}, networkConnectionEnabled: false, pageLoadStrategy: normal, platformName: windows, proxy: Proxy(), se:cdp: ws://localhost:59923/devtoo..., se:cdpVersion: 133.0.6943.54, setWindowRect: true, strictFileInteractability: false, timeouts: {implicit: 0, pageLoad: 300000, script: 30000}, unhandledPromptBehavior: dismiss and notify, webauthn:extension:credBlob: true, webauthn:extension:largeBlob: true, webauthn:extension:minPinLength: true, webauthn:extension:prf: true, webauthn:virtualAuthenticators: true}
Element: [[ChromeDriver: chrome on windows (5a28ce1db2c4b0e84cad2055550f4f7e)] -&amp;gt; xpath: /html/body/section[2]/div/div/div[2]/div[1]/div[2]/div/div[2]/ul/li/a]
Session ID: 5a28ce1db2c4b0e84cad2055550f4f7e">
      <![CDATA[org.openqa.selenium.TimeoutException: java.util.concurrent.TimeoutException
Build info: version: '4.28.1', revision: '73f5ad48a2'
System info: os.name: 'Windows 11', os.arch: 'amd64', os.version: '10.0', java.version: '21.0.5'
Driver info: org.openqa.selenium.chrome.ChromeDriver
Command: [5a28ce1db2c4b0e84cad2055550f4f7e, clickElement {id=f.E83726576A406EB78BED52E8185CBEF1.d.BC86DED50C613EC19FC6E36D6E40B389.e.82}]
Capabilities {acceptInsecureCerts: false, browserName: chrome, browserVersion: 133.0.6943.54, chrome: {chromedriverVersion: 133.0.6943.53 (9a80935019b0..., userDataDir: C:\Users\acer\AppData\Local...}, fedcm:accounts: true, goog:chromeOptions: {debuggerAddress: localhost:59923}, networkConnectionEnabled: false, pageLoadStrategy: normal, platformName: windows, proxy: Proxy(), se:cdp: ws://localhost:59923/devtoo..., se:cdpVersion: 133.0.6943.54, setWindowRect: true, strictFileInteractability: false, timeouts: {implicit: 0, pageLoad: 300000, script: 30000}, unhandledPromptBehavior: dismiss and notify, webauthn:extension:credBlob: true, webauthn:extension:largeBlob: true, webauthn:extension:minPinLength: true, webauthn:extension:prf: true, webauthn:virtualAuthenticators: true}
Element: [[ChromeDriver: chrome on windows (5a28ce1db2c4b0e84cad2055550f4f7e)] -> xpath: /html/body/section[2]/div/div/div[2]/div[1]/div[2]/div/div[2]/ul/li/a]
Session ID: 5a28ce1db2c4b0e84cad2055550f4f7e
at org.openqa.selenium.remote.http.jdk.JdkHttpClient.execute(JdkHttpClient.java:424)
at org.openqa.selenium.remote.HttpCommandExecutor.execute(HttpCommandExecutor.java:212)
at org.openqa.selenium.remote.service.DriverCommandExecutor.invokeExecute(DriverCommandExecutor.java:216)
at org.openqa.selenium.remote.service.DriverCommandExecutor.execute(DriverCommandExecutor.java:174)
at org.openqa.selenium.remote.RemoteWebDriver.execute(RemoteWebDriver.java:545)
at org.openqa.selenium.remote.RemoteWebElement.execute(RemoteWebElement.java:223)
at org.openqa.selenium.remote.RemoteWebElement.click(RemoteWebElement.java:76)
at com.Test.ViwProduct13.products8(ViwProduct13.java:32)
at java.base/java.util.ArrayList.forEach(ArrayList.java:1596)
Caused by: java.util.concurrent.TimeoutException
at java.base/java.util.concurrent.CompletableFuture$Timeout.run(CompletableFuture.java:2920)
at java.base/java.util.concurrent.Executors$RunnableAdapter.call(Executors.java:572)
at java.base/java.util.concurrent.FutureTask.run(FutureTask.java:317)
at java.base/java.util.concurrent.ScheduledThreadPoolExecutor$ScheduledFutureTask.run(ScheduledThreadPoolExecutor.java:304)
at java.base/java.util.concurrent.ThreadPoolExecutor.runWorker(ThreadPoolExecutor.java:1144)
at java.base/java.util.concurrent.ThreadPoolExecutor$Worker.run(ThreadPoolExecutor.java:642)
at java.base/java.lang.Thread.run(Thread.java:1583)
... Removed 25 stack frames]]>
    </failure>
  </testcase> <!-- products8 -->
</testsuite> <!-- Test2 -->
