<?xml version="1.0" encoding="UTF-8"?>
<!-- Generated by org.testng.reporters.JUnitXMLReporter -->
<testsuite ignored="0" hostname="DESKTOP-AHJ7FPI" failures="0" tests="1" name="ChromeTest" time="0.062" errors="0" timestamp="2025-02-05T11:26:45 IST">
  <testcase classname="com.Test.AddProduct12" name="@BeforeMethod cross" time="0.01">
    <failure type="java.lang.Error" message="Unresolved compilation problems: 
	Syntax error on token &amp;quot;package&amp;quot;, yield expected
	yield outside of switch expression
	com.Test cannot be resolved to a type
	Syntax error on token &amp;quot;import&amp;quot;, yield expected
	yield outside of switch expression
	java.time.Duration cannot be resolved to a variable
	yield outside of switch expression
	Syntax error on token &amp;quot;import&amp;quot;, yield expected
	org.openqa.selenium.By cannot be resolved to a variable
	Syntax error on token &amp;quot;import&amp;quot;, yield expected
	yield outside of switch expression
	org.openqa.selenium.JavascriptExecutor cannot be resolved to a variable
	yield outside of switch expression
	Syntax error on token &amp;quot;import&amp;quot;, yield expected
	org.openqa.selenium.WebDriver cannot be resolved to a variable
	yield outside of switch expression
	Syntax error on token &amp;quot;import&amp;quot;, yield expected
	org.openqa.selenium.WebElement cannot be resolved to a variable
	yield outside of switch expression
	Syntax error on token &amp;quot;import&amp;quot;, yield expected
	org.openqa.selenium.support.ui.ExpectedConditions cannot be resolved to a variable
	yield outside of switch expression
	Syntax error on token &amp;quot;import&amp;quot;, yield expected
	org.openqa.selenium.support.ui.WebDriverWait cannot be resolved to a variable
	Syntax error on token &amp;quot;import&amp;quot;, yield expected
	yield outside of switch expression
	org.testng.Assert cannot be resolved to a variable
	Syntax error on token &amp;quot;import&amp;quot;, yield expected
	yield outside of switch expression
	org.testng.annotations.BeforeMethod cannot be resolved to a variable
	Syntax error on token &amp;quot;import&amp;quot;, yield expected
	yield outside of switch expression
	org.testng.annotations.Parameters cannot be resolved to a variable
	Syntax error on token &amp;quot;import&amp;quot;, yield expected
	yield outside of switch expression
	org.testng.annotations.Test cannot be resolved to a variable
	Syntax error on token &amp;quot;import&amp;quot;, yield expected
	yield outside of switch expression
	com.utils.LocatorsForElement cannot be resolved to a variable
	yield outside of switch expression
	Syntax error on token &amp;quot;import&amp;quot;, yield expected
	com.utils.SourcesLink cannot be resolved to a variable
	yield outside of switch expression
	Syntax error on token &amp;quot;import&amp;quot;, yield expected
	io.github.bonigarcia.wdm.WebDriverManager cannot be resolved to a variable
	The nested type AddProduct12 cannot hide an enclosing type
	Illegal modifier for the local class AddProduct12; only abstract or final is permitted
	yield outside of switch expression
	Syntax error on token &amp;quot;package&amp;quot;, yield expected
	com.Test cannot be resolved to a type
	yield outside of switch expression
	Syntax error on token &amp;quot;import&amp;quot;, yield expected
	java.time.Duration cannot be resolved to a variable
	Syntax error on token &amp;quot;import&amp;quot;, yield expected
	yield outside of switch expression
	org.openqa.selenium.By cannot be resolved to a variable
	Syntax error on token &amp;quot;import&amp;quot;, yield expected
	yield outside of switch expression
	org.openqa.selenium.JavascriptExecutor cannot be resolved to a variable
	Syntax error on token &amp;quot;import&amp;quot;, yield expected
	yield outside of switch expression
	org.openqa.selenium.WebDriver cannot be resolved to a variable
	Syntax error on token &amp;quot;import&amp;quot;, yield expected
	yield outside of switch expression
	org.openqa.selenium.WebElement cannot be resolved to a variable
	Syntax error on token &amp;quot;import&amp;quot;, yield expected
	yield outside of switch expression
	org.openqa.selenium.support.ui.ExpectedConditions cannot be resolved to a variable
	Syntax error on token &amp;quot;import&amp;quot;, yield expected
	yield outside of switch expression
	org.openqa.selenium.support.ui.WebDriverWait cannot be resolved to a variable
	Syntax error on token &amp;quot;import&amp;quot;, yield expected
	yield outside of switch expression
	org.testng.Assert cannot be resolved to a variable
	Syntax error on token &amp;quot;import&amp;quot;, yield expected
	yield outside of switch expression
	org.testng.annotations.BeforeMethod cannot be resolved to a variable
	yield outside of switch expression
	Syntax error on token &amp;quot;import&amp;quot;, yield expected
	org.testng.annotations.Parameters cannot be resolved to a variable
	yield outside of switch expression
	Syntax error on token &amp;quot;import&amp;quot;, yield expected
	org.testng.annotations.Test cannot be resolved to a variable
	yield outside of switch expression
	Syntax error on token &amp;quot;import&amp;quot;, yield expected
	com.utils.LocatorsForElement cannot be resolved to a variable
	Syntax error on token &amp;quot;import&amp;quot;, yield expected
	yield outside of switch expression
	com.utils.SourcesLink cannot be resolved to a variable
	Syntax error on token &amp;quot;import&amp;quot;, yield expected
	yield outside of switch expression
	io.github.bonigarcia.wdm.WebDriverManager cannot be resolved to a variable
	Illegal modifier for the local class AddProduct12; only abstract or final is permitted
	Duplicate nested type AddProduct12
	yield outside of switch expression
	Syntax error on token &amp;quot;package&amp;quot;, yield expected
	com.Test cannot be resolved to a type
	yield outside of switch expression
	java.time.Duration cannot be resolved to a variable
	Expectepackage cannot be resolved to a variable
">
      <![CDATA[java.lang.Error: Unresolved compilation problems: 
Syntax error on token "package", yield expected
yield outside of switch expression
com.Test cannot be resolved to a type
Syntax error on token "import", yield expected
yield outside of switch expression
java.time.Duration cannot be resolved to a variable
yield outside of switch expression
Syntax error on token "import", yield expected
org.openqa.selenium.By cannot be resolved to a variable
Syntax error on token "import", yield expected
yield outside of switch expression
org.openqa.selenium.JavascriptExecutor cannot be resolved to a variable
yield outside of switch expression
Syntax error on token "import", yield expected
org.openqa.selenium.WebDriver cannot be resolved to a variable
yield outside of switch expression
Syntax error on token "import", yield expected
org.openqa.selenium.WebElement cannot be resolved to a variable
yield outside of switch expression
Syntax error on token "import", yield expected
org.openqa.selenium.support.ui.ExpectedConditions cannot be resolved to a variable
yield outside of switch expression
Syntax error on token "import", yield expected
org.openqa.selenium.support.ui.WebDriverWait cannot be resolved to a variable
Syntax error on token "import", yield expected
yield outside of switch expression
Syntax error on token "import", yield expected
yield outside of switch expression
Syntax error on token "import", yield expected
yield outside of switch expression
Syntax error on token "import", yield expected
yield outside of switch expression
Syntax error on token "import", yield expected
yield outside of switch expression
com.utils.LocatorsForElement cannot be resolved to a variable
yield outside of switch expression
Syntax error on token "import", yield expected
com.utils.SourcesLink cannot be resolved to a variable
yield outside of switch expression
Syntax error on token "import", yield expected
io.github.bonigarcia.wdm.WebDriverManager cannot be resolved to a variable
The nested type AddProduct12 cannot hide an enclosing type
Illegal modifier for the local class AddProduct12; only abstract or final is permitted
yield outside of switch expression
Syntax error on token "package", yield expected
com.Test cannot be resolved to a type
yield outside of switch expression
Syntax error on token "import", yield expected
java.time.Duration cannot be resolved to a variable
Syntax error on token "import", yield expected
yield outside of switch expression
org.openqa.selenium.By cannot be resolved to a variable
Syntax error on token "import", yield expected
yield outside of switch expression
org.openqa.selenium.JavascriptExecutor cannot be resolved to a variable
Syntax error on token "import", yield expected
yield outside of switch expression
org.openqa.selenium.WebDriver cannot be resolved to a variable
Syntax error on token "import", yield expected
yield outside of switch expression
org.openqa.selenium.WebElement cannot be resolved to a variable
Syntax error on token "import", yield expected
yield outside of switch expression
org.openqa.selenium.support.ui.ExpectedConditions cannot be resolved to a variable
Syntax error on token "import", yield expected
yield outside of switch expression
org.openqa.selenium.support.ui.WebDriverWait cannot be resolved to a variable
Syntax error on token "import", yield expected
yield outside of switch expression
Syntax error on token "import", yield expected
yield outside of switch expression
yield outside of switch expression
Syntax error on token "import", yield expected
yield outside of switch expression
Syntax error on token "import", yield expected
yield outside of switch expression
Syntax error on token "import", yield expected
com.utils.LocatorsForElement cannot be resolved to a variable
Syntax error on token "import", yield expected
yield outside of switch expression
com.utils.SourcesLink cannot be resolved to a variable
Syntax error on token "import", yield expected
yield outside of switch expression
io.github.bonigarcia.wdm.WebDriverManager cannot be resolved to a variable
Illegal modifier for the local class AddProduct12; only abstract or final is permitted
Duplicate nested type AddProduct12
yield outside of switch expression
Syntax error on token "package", yield expected
com.Test cannot be resolved to a type
yield outside of switch expression
java.time.Duration cannot be resolved to a variable
Expectepackage cannot be resolved to a variable

at com.Test.AddProduct12.cross(AddProduct12.java:37)
at java.base/java.util.ArrayList.forEach(ArrayList.java:1596)
at java.base/java.util.concurrent.FutureTask.run(FutureTask.java:317)
at java.base/java.util.concurrent.ThreadPoolExecutor.runWorker(ThreadPoolExecutor.java:1144)
at java.base/java.util.concurrent.ThreadPoolExecutor$Worker.run(ThreadPoolExecutor.java:642)
at java.base/java.lang.Thread.run(Thread.java:1583)
... Removed 27 stack frames]]>
    </failure>
  </testcase> <!-- @BeforeMethod cross -->
  <testcase classname="com.Test.AddProduct12" name="@BeforeMethod cross" time="0.01">
    <failure type="java.lang.Error" message="Unresolved compilation problems: 
	Syntax error on token &amp;quot;package&amp;quot;, yield expected
	yield outside of switch expression
	com.Test cannot be resolved to a type
	Syntax error on token &amp;quot;import&amp;quot;, yield expected
	yield outside of switch expression
	java.time.Duration cannot be resolved to a variable
	yield outside of switch expression
	Syntax error on token &amp;quot;import&amp;quot;, yield expected
	org.openqa.selenium.By cannot be resolved to a variable
	Syntax error on token &amp;quot;import&amp;quot;, yield expected
	yield outside of switch expression
	org.openqa.selenium.JavascriptExecutor cannot be resolved to a variable
	yield outside of switch expression
	Syntax error on token &amp;quot;import&amp;quot;, yield expected
	org.openqa.selenium.WebDriver cannot be resolved to a variable
	yield outside of switch expression
	Syntax error on token &amp;quot;import&amp;quot;, yield expected
	org.openqa.selenium.WebElement cannot be resolved to a variable
	yield outside of switch expression
	Syntax error on token &amp;quot;import&amp;quot;, yield expected
	org.openqa.selenium.support.ui.ExpectedConditions cannot be resolved to a variable
	yield outside of switch expression
	Syntax error on token &amp;quot;import&amp;quot;, yield expected
	org.openqa.selenium.support.ui.WebDriverWait cannot be resolved to a variable
	Syntax error on token &amp;quot;import&amp;quot;, yield expected
	yield outside of switch expression
	org.testng.Assert cannot be resolved to a variable
	Syntax error on token &amp;quot;import&amp;quot;, yield expected
	yield outside of switch expression
	org.testng.annotations.BeforeMethod cannot be resolved to a variable
	Syntax error on token &amp;quot;import&amp;quot;, yield expected
	yield outside of switch expression
	org.testng.annotations.Parameters cannot be resolved to a variable
	Syntax error on token &amp;quot;import&amp;quot;, yield expected
	yield outside of switch expression
	org.testng.annotations.Test cannot be resolved to a variable
	Syntax error on token &amp;quot;import&amp;quot;, yield expected
	yield outside of switch expression
	com.utils.LocatorsForElement cannot be resolved to a variable
	yield outside of switch expression
	Syntax error on token &amp;quot;import&amp;quot;, yield expected
	com.utils.SourcesLink cannot be resolved to a variable
	yield outside of switch expression
	Syntax error on token &amp;quot;import&amp;quot;, yield expected
	io.github.bonigarcia.wdm.WebDriverManager cannot be resolved to a variable
	The nested type AddProduct12 cannot hide an enclosing type
	Illegal modifier for the local class AddProduct12; only abstract or final is permitted
	yield outside of switch expression
	Syntax error on token &amp;quot;package&amp;quot;, yield expected
	com.Test cannot be resolved to a type
	yield outside of switch expression
	Syntax error on token &amp;quot;import&amp;quot;, yield expected
	java.time.Duration cannot be resolved to a variable
	Syntax error on token &amp;quot;import&amp;quot;, yield expected
	yield outside of switch expression
	org.openqa.selenium.By cannot be resolved to a variable
	Syntax error on token &amp;quot;import&amp;quot;, yield expected
	yield outside of switch expression
	org.openqa.selenium.JavascriptExecutor cannot be resolved to a variable
	Syntax error on token &amp;quot;import&amp;quot;, yield expected
	yield outside of switch expression
	org.openqa.selenium.WebDriver cannot be resolved to a variable
	Syntax error on token &amp;quot;import&amp;quot;, yield expected
	yield outside of switch expression
	org.openqa.selenium.WebElement cannot be resolved to a variable
	Syntax error on token &amp;quot;import&amp;quot;, yield expected
	yield outside of switch expression
	org.openqa.selenium.support.ui.ExpectedConditions cannot be resolved to a variable
	Syntax error on token &amp;quot;import&amp;quot;, yield expected
	yield outside of switch expression
	org.openqa.selenium.support.ui.WebDriverWait cannot be resolved to a variable
	Syntax error on token &amp;quot;import&amp;quot;, yield expected
	yield outside of switch expression
	org.testng.Assert cannot be resolved to a variable
	Syntax error on token &amp;quot;import&amp;quot;, yield expected
	yield outside of switch expression
	org.testng.annotations.BeforeMethod cannot be resolved to a variable
	yield outside of switch expression
	Syntax error on token &amp;quot;import&amp;quot;, yield expected
	org.testng.annotations.Parameters cannot be resolved to a variable
	yield outside of switch expression
	Syntax error on token &amp;quot;import&amp;quot;, yield expected
	org.testng.annotations.Test cannot be resolved to a variable
	yield outside of switch expression
	Syntax error on token &amp;quot;import&amp;quot;, yield expected
	com.utils.LocatorsForElement cannot be resolved to a variable
	Syntax error on token &amp;quot;import&amp;quot;, yield expected
	yield outside of switch expression
	com.utils.SourcesLink cannot be resolved to a variable
	Syntax error on token &amp;quot;import&amp;quot;, yield expected
	yield outside of switch expression
	io.github.bonigarcia.wdm.WebDriverManager cannot be resolved to a variable
	Illegal modifier for the local class AddProduct12; only abstract or final is permitted
	Duplicate nested type AddProduct12
	yield outside of switch expression
	Syntax error on token &amp;quot;package&amp;quot;, yield expected
	com.Test cannot be resolved to a type
	yield outside of switch expression
	java.time.Duration cannot be resolved to a variable
	Expectepackage cannot be resolved to a variable
">
      <![CDATA[java.lang.Error: Unresolved compilation problems: 
Syntax error on token "package", yield expected
yield outside of switch expression
com.Test cannot be resolved to a type
Syntax error on token "import", yield expected
yield outside of switch expression
java.time.Duration cannot be resolved to a variable
yield outside of switch expression
Syntax error on token "import", yield expected
org.openqa.selenium.By cannot be resolved to a variable
Syntax error on token "import", yield expected
yield outside of switch expression
org.openqa.selenium.JavascriptExecutor cannot be resolved to a variable
yield outside of switch expression
Syntax error on token "import", yield expected
org.openqa.selenium.WebDriver cannot be resolved to a variable
yield outside of switch expression
Syntax error on token "import", yield expected
org.openqa.selenium.WebElement cannot be resolved to a variable
yield outside of switch expression
Syntax error on token "import", yield expected
org.openqa.selenium.support.ui.ExpectedConditions cannot be resolved to a variable
yield outside of switch expression
Syntax error on token "import", yield expected
org.openqa.selenium.support.ui.WebDriverWait cannot be resolved to a variable
Syntax error on token "import", yield expected
yield outside of switch expression
Syntax error on token "import", yield expected
yield outside of switch expression
Syntax error on token "import", yield expected
yield outside of switch expression
Syntax error on token "import", yield expected
yield outside of switch expression
Syntax error on token "import", yield expected
yield outside of switch expression
com.utils.LocatorsForElement cannot be resolved to a variable
yield outside of switch expression
Syntax error on token "import", yield expected
com.utils.SourcesLink cannot be resolved to a variable
yield outside of switch expression
Syntax error on token "import", yield expected
io.github.bonigarcia.wdm.WebDriverManager cannot be resolved to a variable
The nested type AddProduct12 cannot hide an enclosing type
Illegal modifier for the local class AddProduct12; only abstract or final is permitted
yield outside of switch expression
Syntax error on token "package", yield expected
com.Test cannot be resolved to a type
yield outside of switch expression
Syntax error on token "import", yield expected
java.time.Duration cannot be resolved to a variable
Syntax error on token "import", yield expected
yield outside of switch expression
org.openqa.selenium.By cannot be resolved to a variable
Syntax error on token "import", yield expected
yield outside of switch expression
org.openqa.selenium.JavascriptExecutor cannot be resolved to a variable
Syntax error on token "import", yield expected
yield outside of switch expression
org.openqa.selenium.WebDriver cannot be resolved to a variable
Syntax error on token "import", yield expected
yield outside of switch expression
org.openqa.selenium.WebElement cannot be resolved to a variable
Syntax error on token "import", yield expected
yield outside of switch expression
org.openqa.selenium.support.ui.ExpectedConditions cannot be resolved to a variable
Syntax error on token "import", yield expected
yield outside of switch expression
org.openqa.selenium.support.ui.WebDriverWait cannot be resolved to a variable
Syntax error on token "import", yield expected
yield outside of switch expression
Syntax error on token "import", yield expected
yield outside of switch expression
yield outside of switch expression
Syntax error on token "import", yield expected
yield outside of switch expression
Syntax error on token "import", yield expected
yield outside of switch expression
Syntax error on token "import", yield expected
com.utils.LocatorsForElement cannot be resolved to a variable
Syntax error on token "import", yield expected
yield outside of switch expression
com.utils.SourcesLink cannot be resolved to a variable
Syntax error on token "import", yield expected
yield outside of switch expression
io.github.bonigarcia.wdm.WebDriverManager cannot be resolved to a variable
Illegal modifier for the local class AddProduct12; only abstract or final is permitted
Duplicate nested type AddProduct12
yield outside of switch expression
Syntax error on token "package", yield expected
com.Test cannot be resolved to a type
yield outside of switch expression
java.time.Duration cannot be resolved to a variable
Expectepackage cannot be resolved to a variable

at com.Test.AddProduct12.cross(AddProduct12.java:37)
at java.base/java.util.ArrayList.forEach(ArrayList.java:1596)
at java.base/java.util.concurrent.FutureTask.run(FutureTask.java:317)
at java.base/java.util.concurrent.ThreadPoolExecutor.runWorker(ThreadPoolExecutor.java:1144)
at java.base/java.util.concurrent.ThreadPoolExecutor$Worker.run(ThreadPoolExecutor.java:642)
at java.base/java.lang.Thread.run(Thread.java:1583)
... Removed 27 stack frames]]>
    </failure>
  </testcase> <!-- @BeforeMethod cross -->
  <testcase classname="com.Test.AddProduct12" name="products8" time="0.0">
    <skipped/>
  </testcase> <!-- products8 -->
</testsuite> <!-- ChromeTest -->
